#
# There is insufficient memory for the Java Runtime Environment to continue.
# Native memory allocation (mmap) failed to map 249561088 bytes for G1 virtual space
# Possible reasons:
#   The system is out of physical RAM or swap space
#   The process is running with CompressedOops enabled, and the Java Heap may be blocking the growth of the native heap
# Possible solutions:
#   Reduce memory load on the system
#   Increase physical memory or swap space
#   Check if swap backing store is full
#   Decrease Java heap size (-Xmx/-Xms)
#   Decrease number of Java threads
#   Decrease Java thread stack sizes (-Xss)
#   Set larger code cache with -XX:ReservedCodeCacheSize=
#   JVM is running with Zero Based Compressed Oops mode in which the Java heap is
#     placed in the first 32GB address space. The Java Heap base address is the
#     maximum limit for the native heap growth. Please use -XX:HeapBaseMinAddress
#     to set the Java Heap base and to place the Java Heap above 32GB virtual address.
# This output file may be truncated or incomplete.
#
#  Out of Memory Error (os_windows.cpp:3532), pid=39800, tid=38472
#
# JRE version:  (17.0.2+8) (build )
# Java VM: OpenJDK 64-Bit Server VM (17.0.2+8, mixed mode, sharing, tiered, compressed oops, compressed class ptrs, g1 gc, windows-amd64)
# No core dump will be written. Minidumps are not enabled by default on client versions of Windows
#

---------------  S U M M A R Y ------------

Command Line: -Dfile.encoding=UTF-8 -XX:+ShowCodeDetailsInExceptionMessages Main

Host: AMD Ryzen 7 5800H with Radeon Graphics         , 16 cores, 14G,  Windows 11 , 64 bit Build 25163 (10.0.25163.1000)
Time: Thu Jul 28 11:12:51 2022 Malay Peninsula Standard Time elapsed time: 0.034730 seconds (0d 0h 0m 0s)

---------------  T H R E A D  ---------------

Current thread (0x000002374091fed0):  JavaThread "Unknown thread" [_thread_in_vm, id=38472, stack(0x0000008ece400000,0x0000008ece500000)]

Stack: [0x0000008ece400000,0x0000008ece500000]
Native frames: (J=compiled Java code, j=interpreted, Vv=VM code, C=native code)
V  [jvm.dll+0x67564a]
V  [jvm.dll+0x82fc04]
V  [jvm.dll+0x8313ae]
V  [jvm.dll+0x831a13]
V  [jvm.dll+0x245235]
V  [jvm.dll+0x672539]
V  [jvm.dll+0x666e82]
V  [jvm.dll+0x30401b]
V  [jvm.dll+0x30b566]
V  [jvm.dll+0x35b1fe]
V  [jvm.dll+0x35b42f]
V  [jvm.dll+0x2daf58]
V  [jvm.dll+0x2dbec4]
V  [jvm.dll+0x801881]
V  [jvm.dll+0x368f81]
V  [jvm.dll+0x7e0cdc]
V  [jvm.dll+0x3eb8bf]
V  [jvm.dll+0x3ed441]
C  [jli.dll+0x5277]
C  [ucrtbase.dll+0x6a0e1]
C  [KERNEL32.DLL+0x1458d]
C  [ntdll.dll+0x42a8]


---------------  P R O C E S S  ---------------

Threads class SMR info:
_java_thread_list=0x00007ffccf9a5e98, length=0, elements={
}

Java Threads: ( => current thread )

Other Threads:
  0x000002374096e960 GCTaskThread "GC Thread#0" [stack: 0x0000008ece500000,0x0000008ece600000] [id=11092]
  0x000002374097ee70 ConcurrentGCThread "G1 Main Marker" [stack: 0x0000008ece600000,0x0000008ece700000] [id=39316]
  0x000002374097f790 ConcurrentGCThread "G1 Conc#0" [stack: 0x0000008ece700000,0x0000008ece800000] [id=39324]

[error occurred during error reporting (printing all threads), id 0xc0000005, EXCEPTION_ACCESS_VIOLATION (0xc0000005) at pc=0x00007ffccf17b9d7]

VM state: not at safepoint (not fully initialized)

VM Mutex/Monitor currently owned by a thread:  ([mutex/lock_event])
[0x000002374091cf60] Heap_lock - owner thread: 0x000002374091fed0

Heap address: 0x0000000712400000, size: 3804 MB, Compressed Oops mode: Zero based, Oop shift amount: 3

CDS archive(s) mapped at: [0x0000000000000000-0x0000000000000000-0x0000000000000000), size 0, SharedBaseAddress: 0x0000000800000000, ArchiveRelocationMode: 0.
Narrow klass base: 0x0000000000000000, Narrow klass shift: 0, Narrow klass range: 0x0

GC Precious Log:
<Empty>

Heap:
 garbage-first heap   total 0K, used 0K [0x0000000712400000, 0x0000000800000000)
  region size 2048K, 0 young (0K), 0 survivors (0K)

[error occurred during error reporting (printing heap information), id 0xc0000005, EXCEPTION_ACCESS_VIOLATION (0xc0000005) at pc=0x00007ffccf55e899]

GC Heap History (0 events):
No events

Deoptimization events (0 events):
No events

Classes unloaded (0 events):
No events

Classes redefined (0 events):
No events

Internal exceptions (0 events):
No events

VM Operations (0 events):
No events

Events (1 events):
Event: 0.008 Loaded shared library C:\Users\ejaay\.p2\pool\plugins\org.eclipse.justj.openjdk.hotspot.jre.full.win32.x86_64_17.0.2.v20220201-1208\jre\bin\java.dll


Dynamic libraries:
0x00007ff6a8ef0000 - 0x00007ff6a8efe000 	C:\Users\ejaay\.p2\pool\plugins\org.eclipse.justj.openjdk.hotspot.jre.full.win32.x86_64_17.0.2.v20220201-1208\jre\bin\javaw.exe
0x00007ffd1e2f0000 - 0x00007ffd1e509000 	C:\WINDOWS\SYSTEM32\ntdll.dll
0x00007ffd1dfb0000 - 0x00007ffd1e072000 	C:\WINDOWS\System32\KERNEL32.DLL
0x00007ffd1b8b0000 - 0x00007ffd1bc4e000 	C:\WINDOWS\System32\KERNELBASE.dll
0x00007ffd1bc50000 - 0x00007ffd1bd59000 	C:\WINDOWS\System32\ucrtbase.dll
0x00007ffd147b0000 - 0x00007ffd147c8000 	C:\Users\ejaay\.p2\pool\plugins\org.eclipse.justj.openjdk.hotspot.jre.full.win32.x86_64_17.0.2.v20220201-1208\jre\bin\jli.dll
0x00007ffd14790000 - 0x00007ffd147a9000 	C:\Users\ejaay\.p2\pool\plugins\org.eclipse.justj.openjdk.hotspot.jre.full.win32.x86_64_17.0.2.v20220201-1208\jre\bin\VCRUNTIME140.dll
0x00007ffd1d240000 - 0x00007ffd1d3ec000 	C:\WINDOWS\System32\USER32.dll
0x00007ffd07390000 - 0x00007ffd0761e000 	C:\WINDOWS\WinSxS\amd64_microsoft.windows.common-controls_6595b64144ccf1df_6.0.25163.1000_none_769af52d91ab9d72\COMCTL32.dll
0x00007ffd1bd60000 - 0x00007ffd1bd86000 	C:\WINDOWS\System32\win32u.dll
0x00007ffd1ccc0000 - 0x00007ffd1cd67000 	C:\WINDOWS\System32\msvcrt.dll
0x00007ffd1cc90000 - 0x00007ffd1ccb9000 	C:\WINDOWS\System32\GDI32.dll
0x00007ffd1be30000 - 0x00007ffd1bf42000 	C:\WINDOWS\System32\gdi32full.dll
0x00007ffd1bd90000 - 0x00007ffd1be2a000 	C:\WINDOWS\System32\msvcp_win.dll
0x00007ffd1e0b0000 - 0x00007ffd1e0e1000 	C:\WINDOWS\System32\IMM32.DLL
0x00007ffd15fa0000 - 0x00007ffd15fac000 	C:\Users\ejaay\.p2\pool\plugins\org.eclipse.justj.openjdk.hotspot.jre.full.win32.x86_64_17.0.2.v20220201-1208\jre\bin\vcruntime140_1.dll
0x00007ffcfd5d0000 - 0x00007ffcfd661000 	C:\Users\ejaay\.p2\pool\plugins\org.eclipse.justj.openjdk.hotspot.jre.full.win32.x86_64_17.0.2.v20220201-1208\jre\bin\msvcp140.dll
0x00007ffccee90000 - 0x00007ffccfad7000 	C:\Users\ejaay\.p2\pool\plugins\org.eclipse.justj.openjdk.hotspot.jre.full.win32.x86_64_17.0.2.v20220201-1208\jre\bin\server\jvm.dll
0x00007ffd1e0f0000 - 0x00007ffd1e19f000 	C:\WINDOWS\System32\ADVAPI32.dll
0x00007ffd1cf90000 - 0x00007ffd1d036000 	C:\WINDOWS\System32\sechost.dll
0x00007ffd1de80000 - 0x00007ffd1dfa7000 	C:\WINDOWS\System32\RPCRT4.dll
0x00007ffd1cbb0000 - 0x00007ffd1cbb8000 	C:\WINDOWS\System32\PSAPI.DLL
0x00007ffd14f30000 - 0x00007ffd14f39000 	C:\WINDOWS\SYSTEM32\WSOCK32.dll
0x00007ffd12e20000 - 0x00007ffd12e54000 	C:\WINDOWS\SYSTEM32\WINMM.dll
0x00007ffd127f0000 - 0x00007ffd127fa000 	C:\WINDOWS\SYSTEM32\VERSION.dll
0x00007ffd1c290000 - 0x00007ffd1c301000 	C:\WINDOWS\System32\WS2_32.dll
0x00007ffd1a7b0000 - 0x00007ffd1a7c8000 	C:\WINDOWS\SYSTEM32\kernel.appcore.dll
0x00007ffd14f20000 - 0x00007ffd14f2a000 	C:\Users\ejaay\.p2\pool\plugins\org.eclipse.justj.openjdk.hotspot.jre.full.win32.x86_64_17.0.2.v20220201-1208\jre\bin\jimage.dll
0x00007ffd18b80000 - 0x00007ffd18db3000 	C:\WINDOWS\SYSTEM32\DBGHELP.DLL
0x00007ffd1c820000 - 0x00007ffd1cba8000 	C:\WINDOWS\System32\combase.dll
0x00007ffd1d3f0000 - 0x00007ffd1d4c7000 	C:\WINDOWS\System32\OLEAUT32.dll
0x00007ffd0b200000 - 0x00007ffd0b232000 	C:\WINDOWS\SYSTEM32\dbgcore.DLL
0x00007ffd1bf50000 - 0x00007ffd1bfcb000 	C:\WINDOWS\System32\bcryptPrimitives.dll
0x00007ffd0b1a0000 - 0x00007ffd0b1c5000 	C:\Users\ejaay\.p2\pool\plugins\org.eclipse.justj.openjdk.hotspot.jre.full.win32.x86_64_17.0.2.v20220201-1208\jre\bin\java.dll

dbghelp: loaded successfully - version: 4.0.5 - missing functions: none
symbol engine: initialized successfully - sym options: 0x614 - pdb path: .;C:\Users\ejaay\.p2\pool\plugins\org.eclipse.justj.openjdk.hotspot.jre.full.win32.x86_64_17.0.2.v20220201-1208\jre\bin;C:\WINDOWS\SYSTEM32;C:\WINDOWS\WinSxS\amd64_microsoft.windows.common-controls_6595b64144ccf1df_6.0.25163.1000_none_769af52d91ab9d72;C:\Users\ejaay\.p2\pool\plugins\org.eclipse.justj.openjdk.hotspot.jre.full.win32.x86_64_17.0.2.v20220201-1208\jre\bin\server

VM Arguments:
jvm_args: -Dfile.encoding=UTF-8 -XX:+ShowCodeDetailsInExceptionMessages 
java_command: Main
java_class_path (initial): C:\Users\ejaay\eclipse-workspace\AccountingSystem\bin;C:\Users\ejaay\eclipse-workspace\AccountingSystem\jcalendar-1.4.jar;C:\Users\ejaay\eclipse-workspace\AccountingSystem\jgoodies-common-1.2.0.jar
Launcher Type: SUN_STANDARD

[Global flags]
     intx CICompilerCount                          = 12                                        {product} {ergonomic}
     uint ConcGCThreads                            = 3                                         {product} {ergonomic}
     uint G1ConcRefinementThreads                  = 13                                        {product} {ergonomic}
   size_t G1HeapRegionSize                         = 2097152                                   {product} {ergonomic}
    uintx GCDrainStackTargetSize                   = 64                                        {product} {ergonomic}
   size_t InitialHeapSize                          = 249561088                                 {product} {ergonomic}
   size_t MarkStackSize                            = 4194304                                   {product} {ergonomic}
   size_t MaxHeapSize                              = 3988783104                                {product} {ergonomic}
   size_t MinHeapDeltaBytes                        = 2097152                                   {product} {ergonomic}
   size_t MinHeapSize                              = 8388608                                   {product} {ergonomic}
    uintx NonNMethodCodeHeapSize                   = 7602480                                {pd product} {ergonomic}
    uintx NonProfiledCodeHeapSize                  = 122027880                              {pd product} {ergonomic}
    uintx ProfiledCodeHeapSize                     = 122027880                              {pd product} {ergonomic}
    uintx ReservedCodeCacheSize                    = 251658240                              {pd product} {ergonomic}
     bool SegmentedCodeCache                       = true                                      {product} {ergonomic}
     bool ShowCodeDetailsInExceptionMessages       = true                                   {manageable} {command line}
   size_t SoftMaxHeapSize                          = 3988783104                             {manageable} {ergonomic}
     bool UseCompressedClassPointers               = true                           {product lp64_product} {ergonomic}
     bool UseCompressedOops                        = true                           {product lp64_product} {ergonomic}
     bool UseG1GC                                  = true                                      {product} {ergonomic}
     bool UseLargePagesIndividualAllocation        = false                                  {pd product} {ergonomic}

Logging:
Log output configuration:
 #0: stdout all=warning uptime,level,tags
 #1: stderr all=off uptime,level,tags

Environment Variables:
JAVA_HOME=C:\Program Files\Java\jdk-18\bin
PATH=C:/Users/ejaay/.p2/pool/plugins/org.eclipse.justj.openjdk.hotspot.jre.full.win32.x86_64_17.0.2.v20220201-1208/jre/bin/server;C:/Users/ejaay/.p2/pool/plugins/org.eclipse.justj.openjdk.hotspot.jre.full.win32.x86_64_17.0.2.v20220201-1208/jre/bin;C:\Program Files\Common Files\Oracle\Java\javapath;C:\WINDOWS\system32;C:\WINDOWS;C:\WINDOWS\System32\Wbem;C:\WINDOWS\System32\WindowsPowerShell\v1.0\;C:\WINDOWS\System32\OpenSSH\;C:\Program Files\Java\jdk-18\bin;C:\Users\ejaay\AppData\Local\Programs\Python\Python310\Scripts\;C:\Users\ejaay\AppData\Local\Programs\Python\Python310\;C:\Program Files\Java\jdk-18\bin;C:\Program Files\JetBrains\IntelliJ IDEA Community Edition 2022.1\bin;;C:\Users\ejaay\AppData\Local\Microsoft\WindowsApps;C:\Users\ejaay\AppData\Local\GitHubDesktop\bin;;C:\WINDOWS\system32;
USERNAME=ejaay
OS=Windows_NT
PROCESSOR_IDENTIFIER=AMD64 Family 25 Model 80 Stepping 0, AuthenticAMD



---------------  S Y S T E M  ---------------

OS:
 Windows 11 , 64 bit Build 25163 (10.0.25163.1000)
OS uptime: 0 days 4:57 hours
Hyper-V role detected

CPU: total 16 (initial active 16) (16 cores per cpu, 2 threads per core) family 25 model 80 stepping 0 microcode 0xa50000c, cx8, cmov, fxsr, ht, mmx, 3dnowpref, sse, sse2, sse3, ssse3, sse4a, sse4.1, sse4.2, popcnt, lzcnt, tsc, tscinvbit, avx, avx2, aes, erms, clmul, bmi1, bmi2, adx, sha, fma, vzeroupper, clflush, clflushopt, hv

Memory: 4k page, system-wide physical 15212M (2395M free)
TotalPageFile size 62262M (AvailPageFile size 108M)
current process WorkingSet (physical memory assigned to process): 12M, peak: 12M
current process commit charge ("private bytes"): 70M, peak: 308M

vm_info: OpenJDK 64-Bit Server VM (17.0.2+8) for windows-amd64 JRE (17.0.2+8), built on Jan 20 2022 04:52:34 by "" with MS VC++ 16.7 (VS2019)

END.
