#
# There is insufficient memory for the Java Runtime Environment to continue.
# Native memory allocation (malloc) failed to allocate 53216 bytes for Chunk::new
# Possible reasons:
#   The system is out of physical RAM or swap space
#   The process is running with CompressedOops enabled, and the Java Heap may be blocking the growth of the native heap
# Possible solutions:
#   Reduce memory load on the system
#   Increase physical memory or swap space
#   Check if swap backing store is full
#   Decrease Java heap size (-Xmx/-Xms)
#   Decrease number of Java threads
#   Decrease Java thread stack sizes (-Xss)
#   Set larger code cache with -XX:ReservedCodeCacheSize=
#   JVM is running with Zero Based Compressed Oops mode in which the Java heap is
#     placed in the first 32GB address space. The Java Heap base address is the
#     maximum limit for the native heap growth. Please use -XX:HeapBaseMinAddress
#     to set the Java Heap base and to place the Java Heap above 32GB virtual address.
# This output file may be truncated or incomplete.
#
#  Out of Memory Error (arena.cpp:189), pid=11860, tid=6420
#
# JRE version: OpenJDK Runtime Environment Temurin-17.0.2+8 (17.0.2+8) (build 17.0.2+8)
# Java VM: OpenJDK 64-Bit Server VM Temurin-17.0.2+8 (17.0.2+8, mixed mode, tiered, compressed oops, compressed class ptrs, g1 gc, windows-amd64)
# No core dump will be written. Minidumps are not enabled by default on client versions of Windows
#

---------------  S U M M A R Y ------------

Command Line: -Dfile.encoding=UTF-8 -XX:+ShowCodeDetailsInExceptionMessages Main

Host: AMD Ryzen 7 5800H with Radeon Graphics         , 16 cores, 14G,  Windows 11 , 64 bit Build 25163 (10.0.25163.1000)
Time: Thu Jul 28 06:15:02 2022 Malay Peninsula Standard Time elapsed time: 0.871973 seconds (0d 0h 0m 0s)

---------------  T H R E A D  ---------------

Current thread (0x000002a9b0c5a2f0):  JavaThread "C2 CompilerThread0" daemon [_thread_in_native, id=6420, stack(0x000000ed3bd00000,0x000000ed3be00000)]


Current CompileTask:
C2:    872  722       4       sun.util.locale.BaseLocale::getInstance (149 bytes)

Stack: [0x000000ed3bd00000,0x000000ed3be00000]
Native frames: (J=compiled Java code, j=interpreted, Vv=VM code, C=native code)
V  [jvm.dll+0x67564a]
V  [jvm.dll+0x82fc04]
V  [jvm.dll+0x8313ae]
V  [jvm.dll+0x831a13]
V  [jvm.dll+0x245235]
V  [jvm.dll+0xabd7b]
V  [jvm.dll+0xac30c]
V  [jvm.dll+0x123e11]
V  [jvm.dll+0x1233f4]
V  [jvm.dll+0x67ab65]
V  [jvm.dll+0x21849f]
V  [jvm.dll+0x2174f1]
V  [jvm.dll+0x1a3a8d]
V  [jvm.dll+0x226ef8]
V  [jvm.dll+0x22503c]
V  [jvm.dll+0x7e596b]
V  [jvm.dll+0x7dff2a]
V  [jvm.dll+0x6744d5]
C  [ucrtbase.dll+0x6a0e1]
C  [KERNEL32.DLL+0x1458d]
C  [ntdll.dll+0x42a8]


---------------  P R O C E S S  ---------------

Threads class SMR info:
_java_thread_list=0x000002a9b1250a50, length=21, elements={
0x000002a9b01ce1c0, 0x000002a9b01ceb70, 0x000002a9b0c0e7b0, 0x000002a9b0c0f070,
0x000002a9b0c0c7b0, 0x000002a9b0c0ddb0, 0x000002a9b0c5a2f0, 0x000002a9b0c62cb0,
0x000002a9b0c64da0, 0x000002a9b0db2f60, 0x000002a9b0ddc4c0, 0x000002a9b0df8010,
0x000002a9b0e00b10, 0x000002a9b1194840, 0x000002a9b1195060, 0x000002a9b1195770,
0x000002a9b11a5a70, 0x000002a9914efca0, 0x000002a9b11b9810, 0x000002a9b1257040,
0x000002a9b1216030
}

Java Threads: ( => current thread )
  0x000002a9b01ce1c0 JavaThread "Reference Handler" daemon [_thread_blocked, id=8076, stack(0x000000ed3b700000,0x000000ed3b800000)]
  0x000002a9b01ceb70 JavaThread "Finalizer" daemon [_thread_blocked, id=12400, stack(0x000000ed3b800000,0x000000ed3b900000)]
  0x000002a9b0c0e7b0 JavaThread "Signal Dispatcher" daemon [_thread_blocked, id=14544, stack(0x000000ed3b900000,0x000000ed3ba00000)]
  0x000002a9b0c0f070 JavaThread "Attach Listener" daemon [_thread_blocked, id=19616, stack(0x000000ed3ba00000,0x000000ed3bb00000)]
  0x000002a9b0c0c7b0 JavaThread "Service Thread" daemon [_thread_blocked, id=28136, stack(0x000000ed3bb00000,0x000000ed3bc00000)]
  0x000002a9b0c0ddb0 JavaThread "Monitor Deflation Thread" daemon [_thread_blocked, id=14888, stack(0x000000ed3bc00000,0x000000ed3bd00000)]
=>0x000002a9b0c5a2f0 JavaThread "C2 CompilerThread0" daemon [_thread_in_native, id=6420, stack(0x000000ed3bd00000,0x000000ed3be00000)]
  0x000002a9b0c62cb0 JavaThread "C1 CompilerThread0" daemon [_thread_in_native, id=17396, stack(0x000000ed3be00000,0x000000ed3bf00000)]
  0x000002a9b0c64da0 JavaThread "Sweeper thread" daemon [_thread_blocked, id=42708, stack(0x000000ed3bf00000,0x000000ed3c000000)]
  0x000002a9b0db2f60 JavaThread "C1 CompilerThread1" daemon [_thread_in_native, id=31560, stack(0x000000ed3c000000,0x000000ed3c100000)]
  0x000002a9b0ddc4c0 JavaThread "C1 CompilerThread2" daemon [_thread_in_native, id=19476, stack(0x000000ed3c100000,0x000000ed3c200000)]
  0x000002a9b0df8010 JavaThread "Notification Thread" daemon [_thread_blocked, id=39116, stack(0x000000ed3c200000,0x000000ed3c300000)]
  0x000002a9b0e00b10 JavaThread "Common-Cleaner" daemon [_thread_blocked, id=7336, stack(0x000000ed3c400000,0x000000ed3c500000)]
  0x000002a9b1194840 JavaThread "Java2D Disposer" daemon [_thread_blocked, id=36360, stack(0x000000ed3c500000,0x000000ed3c600000)]
  0x000002a9b1195060 JavaThread "AWT-Shutdown" [_thread_blocked, id=36832, stack(0x000000ed3c600000,0x000000ed3c700000)]
  0x000002a9b1195770 JavaThread "AWT-Windows" daemon [_thread_in_native, id=26444, stack(0x000000ed3c700000,0x000000ed3c800000)]
  0x000002a9b11a5a70 JavaThread "AWT-EventQueue-0" [_thread_in_native, id=25292, stack(0x000000ed3c800000,0x000000ed3c900000)]
  0x000002a9914efca0 JavaThread "DestroyJavaVM" [_thread_blocked, id=39660, stack(0x000000ed3b000000,0x000000ed3b100000)]
  0x000002a9b11b9810 JavaThread "C2 CompilerThread1" daemon [_thread_blocked, id=35300, stack(0x000000ed3c900000,0x000000ed3ca00000)]
  0x000002a9b1257040 JavaThread "C1 CompilerThread3" daemon [_thread_in_native, id=2864, stack(0x000000ed3ca00000,0x000000ed3cb00000)]
  0x000002a9b1216030 JavaThread "C2 CompilerThread2" daemon [_thread_in_native, id=18224, stack(0x000000ed3cb00000,0x000000ed3cc00000)]

Other Threads:
  0x000002a9b01c9b80 VMThread "VM Thread" [stack: 0x000000ed3b600000,0x000000ed3b700000] [id=26356]
  0x000002a9b0d33990 WatcherThread [stack: 0x000000ed3c300000,0x000000ed3c400000] [id=25720]
  0x000002a991539910 GCTaskThread "GC Thread#0" [stack: 0x000000ed3b100000,0x000000ed3b200000] [id=39380]
  0x000002a991549f10 ConcurrentGCThread "G1 Main Marker" [stack: 0x000000ed3b200000,0x000000ed3b300000] [id=12148]
  0x000002a99154b7d0 ConcurrentGCThread "G1 Conc#0" [stack: 0x000000ed3b300000,0x000000ed3b400000] [id=41052]
  0x000002a9b00434d0 ConcurrentGCThread "G1 Refine#0" [stack: 0x000000ed3b400000,0x000000ed3b500000] [id=42296]
  0x000002a9b0043c90 ConcurrentGCThread "G1 Service" [stack: 0x000000ed3b500000,0x000000ed3b600000] [id=28600]

Threads with active compile tasks:
C2 CompilerThread0      901  722       4       sun.util.locale.BaseLocale::getInstance (149 bytes)
C1 CompilerThread0      901  791   !   3       jdk.internal.misc.ScopedMemoryAccess::getCharUnaligned (22 bytes)
C1 CompilerThread1      901  797       3       java.lang.Character::reverseBytes (15 bytes)
C1 CompilerThread2      901  798       3       java.nio.ByteBufferAsCharBufferB::get (30 bytes)
C1 CompilerThread3      901  796       3       jdk.internal.misc.Unsafe::convEndian (16 bytes)
C2 CompilerThread2      901  779       4       java.util.HashMap::putVal (300 bytes)

VM state: not at safepoint (normal execution)

VM Mutex/Monitor currently owned by a thread: None

Heap address: 0x0000000712400000, size: 3804 MB, Compressed Oops mode: Zero based, Oop shift amount: 3

CDS archive(s) not mapped
Compressed class space mapped at: 0x0000000800000000-0x0000000840000000, reserved size: 1073741824
Narrow klass base: 0x0000000800000000, Narrow klass shift: 0, Narrow klass range: 0x40000000

GC Precious Log:
 CPUs: 16 total, 16 available
 Memory: 15212M
 Large Page Support: Disabled
 NUMA Support: Disabled
 Compressed Oops: Enabled (Zero based)
 Heap Region Size: 2M
 Heap Min Capacity: 8M
 Heap Initial Capacity: 238M
 Heap Max Capacity: 3804M
 Pre-touch: Disabled
 Parallel Workers: 13
 Concurrent Workers: 3
 Concurrent Refinement Workers: 13
 Periodic GC: Disabled

Heap:
 garbage-first heap   total 243712K, used 8192K [0x0000000712400000, 0x0000000800000000)
  region size 2048K, 5 young (10240K), 0 survivors (0K)
 Metaspace       used 15001K, committed 15168K, reserved 1064960K
  class space    used 1598K, committed 1664K, reserved 1048576K

Heap Regions: E=young(eden), S=young(survivor), O=old, HS=humongous(starts), HC=humongous(continues), CS=collection set, F=free, OA=open archive, CA=closed archive, TAMS=top-at-mark-start (previous, next)
|   0|0x0000000712400000, 0x0000000712400000, 0x0000000712600000|  0%| F|  |TAMS 0x0000000712400000, 0x0000000712400000| Untracked 
|   1|0x0000000712600000, 0x0000000712600000, 0x0000000712800000|  0%| F|  |TAMS 0x0000000712600000, 0x0000000712600000| Untracked 
|   2|0x0000000712800000, 0x0000000712800000, 0x0000000712a00000|  0%| F|  |TAMS 0x0000000712800000, 0x0000000712800000| Untracked 
|   3|0x0000000712a00000, 0x0000000712a00000, 0x0000000712c00000|  0%| F|  |TAMS 0x0000000712a00000, 0x0000000712a00000| Untracked 
|   4|0x0000000712c00000, 0x0000000712c00000, 0x0000000712e00000|  0%| F|  |TAMS 0x0000000712c00000, 0x0000000712c00000| Untracked 
|   5|0x0000000712e00000, 0x0000000712e00000, 0x0000000713000000|  0%| F|  |TAMS 0x0000000712e00000, 0x0000000712e00000| Untracked 
|   6|0x0000000713000000, 0x0000000713000000, 0x0000000713200000|  0%| F|  |TAMS 0x0000000713000000, 0x0000000713000000| Untracked 
|   7|0x0000000713200000, 0x0000000713200000, 0x0000000713400000|  0%| F|  |TAMS 0x0000000713200000, 0x0000000713200000| Untracked 
|   8|0x0000000713400000, 0x0000000713400000, 0x0000000713600000|  0%| F|  |TAMS 0x0000000713400000, 0x0000000713400000| Untracked 
|   9|0x0000000713600000, 0x0000000713600000, 0x0000000713800000|  0%| F|  |TAMS 0x0000000713600000, 0x0000000713600000| Untracked 
|  10|0x0000000713800000, 0x0000000713800000, 0x0000000713a00000|  0%| F|  |TAMS 0x0000000713800000, 0x0000000713800000| Untracked 
|  11|0x0000000713a00000, 0x0000000713a00000, 0x0000000713c00000|  0%| F|  |TAMS 0x0000000713a00000, 0x0000000713a00000| Untracked 
|  12|0x0000000713c00000, 0x0000000713c00000, 0x0000000713e00000|  0%| F|  |TAMS 0x0000000713c00000, 0x0000000713c00000| Untracked 
|  13|0x0000000713e00000, 0x0000000713e00000, 0x0000000714000000|  0%| F|  |TAMS 0x0000000713e00000, 0x0000000713e00000| Untracked 
|  14|0x0000000714000000, 0x0000000714000000, 0x0000000714200000|  0%| F|  |TAMS 0x0000000714000000, 0x0000000714000000| Untracked 
|  15|0x0000000714200000, 0x0000000714200000, 0x0000000714400000|  0%| F|  |TAMS 0x0000000714200000, 0x0000000714200000| Untracked 
|  16|0x0000000714400000, 0x0000000714400000, 0x0000000714600000|  0%| F|  |TAMS 0x0000000714400000, 0x0000000714400000| Untracked 
|  17|0x0000000714600000, 0x0000000714600000, 0x0000000714800000|  0%| F|  |TAMS 0x0000000714600000, 0x0000000714600000| Untracked 
|  18|0x0000000714800000, 0x0000000714800000, 0x0000000714a00000|  0%| F|  |TAMS 0x0000000714800000, 0x0000000714800000| Untracked 
|  19|0x0000000714a00000, 0x0000000714a00000, 0x0000000714c00000|  0%| F|  |TAMS 0x0000000714a00000, 0x0000000714a00000| Untracked 
|  20|0x0000000714c00000, 0x0000000714c00000, 0x0000000714e00000|  0%| F|  |TAMS 0x0000000714c00000, 0x0000000714c00000| Untracked 
|  21|0x0000000714e00000, 0x0000000714e00000, 0x0000000715000000|  0%| F|  |TAMS 0x0000000714e00000, 0x0000000714e00000| Untracked 
|  22|0x0000000715000000, 0x0000000715000000, 0x0000000715200000|  0%| F|  |TAMS 0x0000000715000000, 0x0000000715000000| Untracked 
|  23|0x0000000715200000, 0x0000000715200000, 0x0000000715400000|  0%| F|  |TAMS 0x0000000715200000, 0x0000000715200000| Untracked 
|  24|0x0000000715400000, 0x0000000715400000, 0x0000000715600000|  0%| F|  |TAMS 0x0000000715400000, 0x0000000715400000| Untracked 
|  25|0x0000000715600000, 0x0000000715600000, 0x0000000715800000|  0%| F|  |TAMS 0x0000000715600000, 0x0000000715600000| Untracked 
|  26|0x0000000715800000, 0x0000000715800000, 0x0000000715a00000|  0%| F|  |TAMS 0x0000000715800000, 0x0000000715800000| Untracked 
|  27|0x0000000715a00000, 0x0000000715a00000, 0x0000000715c00000|  0%| F|  |TAMS 0x0000000715a00000, 0x0000000715a00000| Untracked 
|  28|0x0000000715c00000, 0x0000000715c00000, 0x0000000715e00000|  0%| F|  |TAMS 0x0000000715c00000, 0x0000000715c00000| Untracked 
|  29|0x0000000715e00000, 0x0000000715e00000, 0x0000000716000000|  0%| F|  |TAMS 0x0000000715e00000, 0x0000000715e00000| Untracked 
|  30|0x0000000716000000, 0x0000000716000000, 0x0000000716200000|  0%| F|  |TAMS 0x0000000716000000, 0x0000000716000000| Untracked 
|  31|0x0000000716200000, 0x0000000716200000, 0x0000000716400000|  0%| F|  |TAMS 0x0000000716200000, 0x0000000716200000| Untracked 
|  32|0x0000000716400000, 0x0000000716400000, 0x0000000716600000|  0%| F|  |TAMS 0x0000000716400000, 0x0000000716400000| Untracked 
|  33|0x0000000716600000, 0x0000000716600000, 0x0000000716800000|  0%| F|  |TAMS 0x0000000716600000, 0x0000000716600000| Untracked 
|  34|0x0000000716800000, 0x0000000716800000, 0x0000000716a00000|  0%| F|  |TAMS 0x0000000716800000, 0x0000000716800000| Untracked 
|  35|0x0000000716a00000, 0x0000000716a00000, 0x0000000716c00000|  0%| F|  |TAMS 0x0000000716a00000, 0x0000000716a00000| Untracked 
|  36|0x0000000716c00000, 0x0000000716c00000, 0x0000000716e00000|  0%| F|  |TAMS 0x0000000716c00000, 0x0000000716c00000| Untracked 
|  37|0x0000000716e00000, 0x0000000716e00000, 0x0000000717000000|  0%| F|  |TAMS 0x0000000716e00000, 0x0000000716e00000| Untracked 
|  38|0x0000000717000000, 0x0000000717000000, 0x0000000717200000|  0%| F|  |TAMS 0x0000000717000000, 0x0000000717000000| Untracked 
|  39|0x0000000717200000, 0x0000000717200000, 0x0000000717400000|  0%| F|  |TAMS 0x0000000717200000, 0x0000000717200000| Untracked 
|  40|0x0000000717400000, 0x0000000717400000, 0x0000000717600000|  0%| F|  |TAMS 0x0000000717400000, 0x0000000717400000| Untracked 
|  41|0x0000000717600000, 0x0000000717600000, 0x0000000717800000|  0%| F|  |TAMS 0x0000000717600000, 0x0000000717600000| Untracked 
|  42|0x0000000717800000, 0x0000000717800000, 0x0000000717a00000|  0%| F|  |TAMS 0x0000000717800000, 0x0000000717800000| Untracked 
|  43|0x0000000717a00000, 0x0000000717a00000, 0x0000000717c00000|  0%| F|  |TAMS 0x0000000717a00000, 0x0000000717a00000| Untracked 
|  44|0x0000000717c00000, 0x0000000717c00000, 0x0000000717e00000|  0%| F|  |TAMS 0x0000000717c00000, 0x0000000717c00000| Untracked 
|  45|0x0000000717e00000, 0x0000000717e00000, 0x0000000718000000|  0%| F|  |TAMS 0x0000000717e00000, 0x0000000717e00000| Untracked 
|  46|0x0000000718000000, 0x0000000718000000, 0x0000000718200000|  0%| F|  |TAMS 0x0000000718000000, 0x0000000718000000| Untracked 
|  47|0x0000000718200000, 0x0000000718200000, 0x0000000718400000|  0%| F|  |TAMS 0x0000000718200000, 0x0000000718200000| Untracked 
|  48|0x0000000718400000, 0x0000000718400000, 0x0000000718600000|  0%| F|  |TAMS 0x0000000718400000, 0x0000000718400000| Untracked 
|  49|0x0000000718600000, 0x0000000718600000, 0x0000000718800000|  0%| F|  |TAMS 0x0000000718600000, 0x0000000718600000| Untracked 
|  50|0x0000000718800000, 0x0000000718800000, 0x0000000718a00000|  0%| F|  |TAMS 0x0000000718800000, 0x0000000718800000| Untracked 
|  51|0x0000000718a00000, 0x0000000718a00000, 0x0000000718c00000|  0%| F|  |TAMS 0x0000000718a00000, 0x0000000718a00000| Untracked 
|  52|0x0000000718c00000, 0x0000000718c00000, 0x0000000718e00000|  0%| F|  |TAMS 0x0000000718c00000, 0x0000000718c00000| Untracked 
|  53|0x0000000718e00000, 0x0000000718e00000, 0x0000000719000000|  0%| F|  |TAMS 0x0000000718e00000, 0x0000000718e00000| Untracked 
|  54|0x0000000719000000, 0x0000000719000000, 0x0000000719200000|  0%| F|  |TAMS 0x0000000719000000, 0x0000000719000000| Untracked 
|  55|0x0000000719200000, 0x0000000719200000, 0x0000000719400000|  0%| F|  |TAMS 0x0000000719200000, 0x0000000719200000| Untracked 
|  56|0x0000000719400000, 0x0000000719400000, 0x0000000719600000|  0%| F|  |TAMS 0x0000000719400000, 0x0000000719400000| Untracked 
|  57|0x0000000719600000, 0x0000000719600000, 0x0000000719800000|  0%| F|  |TAMS 0x0000000719600000, 0x0000000719600000| Untracked 
|  58|0x0000000719800000, 0x0000000719800000, 0x0000000719a00000|  0%| F|  |TAMS 0x0000000719800000, 0x0000000719800000| Untracked 
|  59|0x0000000719a00000, 0x0000000719a00000, 0x0000000719c00000|  0%| F|  |TAMS 0x0000000719a00000, 0x0000000719a00000| Untracked 
|  60|0x0000000719c00000, 0x0000000719c00000, 0x0000000719e00000|  0%| F|  |TAMS 0x0000000719c00000, 0x0000000719c00000| Untracked 
|  61|0x0000000719e00000, 0x0000000719e00000, 0x000000071a000000|  0%| F|  |TAMS 0x0000000719e00000, 0x0000000719e00000| Untracked 
|  62|0x000000071a000000, 0x000000071a000000, 0x000000071a200000|  0%| F|  |TAMS 0x000000071a000000, 0x000000071a000000| Untracked 
|  63|0x000000071a200000, 0x000000071a200000, 0x000000071a400000|  0%| F|  |TAMS 0x000000071a200000, 0x000000071a200000| Untracked 
|  64|0x000000071a400000, 0x000000071a400000, 0x000000071a600000|  0%| F|  |TAMS 0x000000071a400000, 0x000000071a400000| Untracked 
|  65|0x000000071a600000, 0x000000071a600000, 0x000000071a800000|  0%| F|  |TAMS 0x000000071a600000, 0x000000071a600000| Untracked 
|  66|0x000000071a800000, 0x000000071a800000, 0x000000071aa00000|  0%| F|  |TAMS 0x000000071a800000, 0x000000071a800000| Untracked 
|  67|0x000000071aa00000, 0x000000071aa00000, 0x000000071ac00000|  0%| F|  |TAMS 0x000000071aa00000, 0x000000071aa00000| Untracked 
|  68|0x000000071ac00000, 0x000000071ac00000, 0x000000071ae00000|  0%| F|  |TAMS 0x000000071ac00000, 0x000000071ac00000| Untracked 
|  69|0x000000071ae00000, 0x000000071ae00000, 0x000000071b000000|  0%| F|  |TAMS 0x000000071ae00000, 0x000000071ae00000| Untracked 
|  70|0x000000071b000000, 0x000000071b000000, 0x000000071b200000|  0%| F|  |TAMS 0x000000071b000000, 0x000000071b000000| Untracked 
|  71|0x000000071b200000, 0x000000071b200000, 0x000000071b400000|  0%| F|  |TAMS 0x000000071b200000, 0x000000071b200000| Untracked 
|  72|0x000000071b400000, 0x000000071b400000, 0x000000071b600000|  0%| F|  |TAMS 0x000000071b400000, 0x000000071b400000| Untracked 
|  73|0x000000071b600000, 0x000000071b600000, 0x000000071b800000|  0%| F|  |TAMS 0x000000071b600000, 0x000000071b600000| Untracked 
|  74|0x000000071b800000, 0x000000071b800000, 0x000000071ba00000|  0%| F|  |TAMS 0x000000071b800000, 0x000000071b800000| Untracked 
|  75|0x000000071ba00000, 0x000000071ba00000, 0x000000071bc00000|  0%| F|  |TAMS 0x000000071ba00000, 0x000000071ba00000| Untracked 
|  76|0x000000071bc00000, 0x000000071bc00000, 0x000000071be00000|  0%| F|  |TAMS 0x000000071bc00000, 0x000000071bc00000| Untracked 
|  77|0x000000071be00000, 0x000000071be00000, 0x000000071c000000|  0%| F|  |TAMS 0x000000071be00000, 0x000000071be00000| Untracked 
|  78|0x000000071c000000, 0x000000071c000000, 0x000000071c200000|  0%| F|  |TAMS 0x000000071c000000, 0x000000071c000000| Untracked 
|  79|0x000000071c200000, 0x000000071c200000, 0x000000071c400000|  0%| F|  |TAMS 0x000000071c200000, 0x000000071c200000| Untracked 
|  80|0x000000071c400000, 0x000000071c400000, 0x000000071c600000|  0%| F|  |TAMS 0x000000071c400000, 0x000000071c400000| Untracked 
|  81|0x000000071c600000, 0x000000071c600000, 0x000000071c800000|  0%| F|  |TAMS 0x000000071c600000, 0x000000071c600000| Untracked 
|  82|0x000000071c800000, 0x000000071c800000, 0x000000071ca00000|  0%| F|  |TAMS 0x000000071c800000, 0x000000071c800000| Untracked 
|  83|0x000000071ca00000, 0x000000071ca00000, 0x000000071cc00000|  0%| F|  |TAMS 0x000000071ca00000, 0x000000071ca00000| Untracked 
|  84|0x000000071cc00000, 0x000000071cc00000, 0x000000071ce00000|  0%| F|  |TAMS 0x000000071cc00000, 0x000000071cc00000| Untracked 
|  85|0x000000071ce00000, 0x000000071ce00000, 0x000000071d000000|  0%| F|  |TAMS 0x000000071ce00000, 0x000000071ce00000| Untracked 
|  86|0x000000071d000000, 0x000000071d000000, 0x000000071d200000|  0%| F|  |TAMS 0x000000071d000000, 0x000000071d000000| Untracked 
|  87|0x000000071d200000, 0x000000071d200000, 0x000000071d400000|  0%| F|  |TAMS 0x000000071d200000, 0x000000071d200000| Untracked 
|  88|0x000000071d400000, 0x000000071d400000, 0x000000071d600000|  0%| F|  |TAMS 0x000000071d400000, 0x000000071d400000| Untracked 
|  89|0x000000071d600000, 0x000000071d600000, 0x000000071d800000|  0%| F|  |TAMS 0x000000071d600000, 0x000000071d600000| Untracked 
|  90|0x000000071d800000, 0x000000071d800000, 0x000000071da00000|  0%| F|  |TAMS 0x000000071d800000, 0x000000071d800000| Untracked 
|  91|0x000000071da00000, 0x000000071da00000, 0x000000071dc00000|  0%| F|  |TAMS 0x000000071da00000, 0x000000071da00000| Untracked 
|  92|0x000000071dc00000, 0x000000071dc00000, 0x000000071de00000|  0%| F|  |TAMS 0x000000071dc00000, 0x000000071dc00000| Untracked 
|  93|0x000000071de00000, 0x000000071de00000, 0x000000071e000000|  0%| F|  |TAMS 0x000000071de00000, 0x000000071de00000| Untracked 
|  94|0x000000071e000000, 0x000000071e000000, 0x000000071e200000|  0%| F|  |TAMS 0x000000071e000000, 0x000000071e000000| Untracked 
|  95|0x000000071e200000, 0x000000071e200000, 0x000000071e400000|  0%| F|  |TAMS 0x000000071e200000, 0x000000071e200000| Untracked 
|  96|0x000000071e400000, 0x000000071e400000, 0x000000071e600000|  0%| F|  |TAMS 0x000000071e400000, 0x000000071e400000| Untracked 
|  97|0x000000071e600000, 0x000000071e600000, 0x000000071e800000|  0%| F|  |TAMS 0x000000071e600000, 0x000000071e600000| Untracked 
|  98|0x000000071e800000, 0x000000071e800000, 0x000000071ea00000|  0%| F|  |TAMS 0x000000071e800000, 0x000000071e800000| Untracked 
|  99|0x000000071ea00000, 0x000000071ea00000, 0x000000071ec00000|  0%| F|  |TAMS 0x000000071ea00000, 0x000000071ea00000| Untracked 
| 100|0x000000071ec00000, 0x000000071ec00000, 0x000000071ee00000|  0%| F|  |TAMS 0x000000071ec00000, 0x000000071ec00000| Untracked 
| 101|0x000000071ee00000, 0x000000071ee00000, 0x000000071f000000|  0%| F|  |TAMS 0x000000071ee00000, 0x000000071ee00000| Untracked 
| 102|0x000000071f000000, 0x000000071f000000, 0x000000071f200000|  0%| F|  |TAMS 0x000000071f000000, 0x000000071f000000| Untracked 
| 103|0x000000071f200000, 0x000000071f200000, 0x000000071f400000|  0%| F|  |TAMS 0x000000071f200000, 0x000000071f200000| Untracked 
| 104|0x000000071f400000, 0x000000071f400000, 0x000000071f600000|  0%| F|  |TAMS 0x000000071f400000, 0x000000071f400000| Untracked 
| 105|0x000000071f600000, 0x000000071f600000, 0x000000071f800000|  0%| F|  |TAMS 0x000000071f600000, 0x000000071f600000| Untracked 
| 106|0x000000071f800000, 0x000000071f800000, 0x000000071fa00000|  0%| F|  |TAMS 0x000000071f800000, 0x000000071f800000| Untracked 
| 107|0x000000071fa00000, 0x000000071fa00000, 0x000000071fc00000|  0%| F|  |TAMS 0x000000071fa00000, 0x000000071fa00000| Untracked 
| 108|0x000000071fc00000, 0x000000071fc00000, 0x000000071fe00000|  0%| F|  |TAMS 0x000000071fc00000, 0x000000071fc00000| Untracked 
| 109|0x000000071fe00000, 0x000000071fe00000, 0x0000000720000000|  0%| F|  |TAMS 0x000000071fe00000, 0x000000071fe00000| Untracked 
| 110|0x0000000720000000, 0x0000000720000000, 0x0000000720200000|  0%| F|  |TAMS 0x0000000720000000, 0x0000000720000000| Untracked 
| 111|0x0000000720200000, 0x0000000720200000, 0x0000000720400000|  0%| F|  |TAMS 0x0000000720200000, 0x0000000720200000| Untracked 
| 112|0x0000000720400000, 0x0000000720400000, 0x0000000720600000|  0%| F|  |TAMS 0x0000000720400000, 0x0000000720400000| Untracked 
| 113|0x0000000720600000, 0x0000000720600000, 0x0000000720800000|  0%| F|  |TAMS 0x0000000720600000, 0x0000000720600000| Untracked 
| 114|0x0000000720800000, 0x00000007208e1db0, 0x0000000720a00000| 44%| E|  |TAMS 0x0000000720800000, 0x0000000720800000| Complete 
| 115|0x0000000720a00000, 0x0000000720c00000, 0x0000000720c00000|100%| E|CS|TAMS 0x0000000720a00000, 0x0000000720a00000| Complete 
| 116|0x0000000720c00000, 0x0000000720e00000, 0x0000000720e00000|100%| E|CS|TAMS 0x0000000720c00000, 0x0000000720c00000| Complete 
| 117|0x0000000720e00000, 0x0000000721000000, 0x0000000721000000|100%| E|CS|TAMS 0x0000000720e00000, 0x0000000720e00000| Complete 
| 118|0x0000000721000000, 0x0000000721200000, 0x0000000721200000|100%| E|CS|TAMS 0x0000000721000000, 0x0000000721000000| Complete 

Card table byte_map: [0x000002a9a4b90000,0x000002a9a5300000] _byte_map_base: 0x000002a9a12fe000

Marking Bits (Prev, Next): (CMBitMap*) 0x000002a991539f20, (CMBitMap*) 0x000002a991539f60
 Prev Bits: [0x000002a9a5a70000, 0x000002a9a95e0000)
 Next Bits: [0x000002a9a95e0000, 0x000002a9ad150000)

Polling page: 0x000002a990cc0000

Metaspace:

Usage:
  Non-class:     13.10 MB used.
      Class:      1.56 MB used.
       Both:     14.66 MB used.

Virtual space:
  Non-class space:       16.00 MB reserved,      13.25 MB ( 83%) committed,  2 nodes.
      Class space:        1.00 GB reserved,       1.62 MB ( <1%) committed,  1 nodes.
             Both:        1.02 GB reserved,      14.88 MB (  1%) committed. 

Chunk freelists:
   Non-Class:  2.50 MB
       Class:  2.25 MB
        Both:  4.75 MB

MaxMetaspaceSize: unlimited
CompressedClassSpaceSize: 1.00 GB
Initial GC threshold: 21.00 MB
Current GC threshold: 21.00 MB
CDS: off
MetaspaceReclaimPolicy: balanced
 - commit_granule_bytes: 65536.
 - commit_granule_words: 8192.
 - virtual_space_node_default_size: 1048576.
 - enlarge_chunks_in_place: 1.
 - new_chunks_are_fully_committed: 0.
 - uncommit_free_chunks: 1.
 - use_allocation_guard: 0.
 - handle_deallocations: 1.


Internal statistics:

num_allocs_failed_limit: 0.
num_arena_births: 92.
num_arena_deaths: 0.
num_vsnodes_births: 3.
num_vsnodes_deaths: 0.
num_space_committed: 238.
num_space_uncommitted: 0.
num_chunks_returned_to_freelist: 0.
num_chunks_taken_from_freelist: 161.
num_chunk_merges: 0.
num_chunk_splits: 82.
num_chunks_enlarged: 43.
num_purges: 0.
num_inconsistent_stats: 0.

CodeHeap 'non-profiled nmethods': size=119168Kb used=207Kb max_used=207Kb free=118960Kb
 bounds [0x000002a99c740000, 0x000002a99c9b0000, 0x000002a9a3ba0000]
CodeHeap 'profiled nmethods': size=119104Kb used=1291Kb max_used=1291Kb free=117812Kb
 bounds [0x000002a9952f0000, 0x000002a995560000, 0x000002a99c740000]
CodeHeap 'non-nmethods': size=7488Kb used=2947Kb max_used=2947Kb free=4540Kb
 bounds [0x000002a994ba0000, 0x000002a994e90000, 0x000002a9952f0000]
 total_blobs=1338 nmethods=785 adapters=461
 compilation: enabled
              stopped_count=0, restarted_count=0
 full_count=0

Compilation events (20 events):
Event: 0.832 Thread 0x000002a9b0db2f60 nmethod 766 0x000002a99c771c90 code [0x000002a99c771e20, 0x000002a99c771f98]
Event: 0.834 Thread 0x000002a9b0ddc4c0 nmethod 758 0x000002a995425f90 code [0x000002a995426160, 0x000002a995426678]
Event: 0.835 Thread 0x000002a9b1257040 nmethod 759 0x000002a995428290 code [0x000002a995428460, 0x000002a995428918]
Event: 0.836 Thread 0x000002a9b0c62cb0 nmethod 761 0x000002a995426790 code [0x000002a995426a80, 0x000002a995427d78]
Event: 0.836 Thread 0x000002a9b1216030 nmethod 749 0x000002a99c772010 code [0x000002a99c772180, 0x000002a99c772338]
Event: 0.837 Thread 0x000002a9b11b9810 nmethod 762 0x000002a99c772490 code [0x000002a99c772600, 0x000002a99c772678]
Event: 0.838 Thread 0x000002a9b1257040  767       3       java.lang.CharacterDataLatin1::toUpperCase (53 bytes)
Event: 0.838 Thread 0x000002a9b0ddc4c0  768       3       java.lang.Character::toUpperCase (6 bytes)
Event: 0.838 Thread 0x000002a9b0c62cb0  769       3       java.lang.Character::toUpperCase (9 bytes)
Event: 0.838 Thread 0x000002a9b1257040 nmethod 767 0x000002a995428a10 code [0x000002a995428bc0, 0x000002a995428e58]
Event: 0.838 Thread 0x000002a9b0ddc4c0 nmethod 768 0x000002a995428f90 code [0x000002a995429140, 0x000002a995429398]
Event: 0.838 Thread 0x000002a9b0c62cb0 nmethod 769 0x000002a995429490 code [0x000002a995429640, 0x000002a995429838]
Event: 0.838 Thread 0x000002a9b0db2f60  770       3       java.util.TreeMap::parentOf (13 bytes)
Event: 0.838 Thread 0x000002a9b0ddc4c0  771       3       java.util.HashMap$EntryIterator::next (5 bytes)
Event: 0.838 Thread 0x000002a9b0c62cb0  772       3       java.util.HashMap$EntryIterator::next (5 bytes)
Event: 0.839 Thread 0x000002a9b0db2f60 nmethod 770 0x000002a995429910 code [0x000002a995429aa0, 0x000002a995429c18]
Event: 0.839 Thread 0x000002a9b0ddc4c0 nmethod 771 0x000002a995429d10 code [0x000002a995429ec0, 0x000002a99542a048]
Event: 0.839 Thread 0x000002a9b0c62cb0 nmethod 772 0x000002a99542a110 code [0x000002a99542a2a0, 0x000002a99542a3e8]
Event: 0.842 Thread 0x000002a9b1257040  773       3       java.util.concurrent.ConcurrentHashMap$BaseIterator::hasNext (13 bytes)
Event: 0.842 Thread 0x000002a9b1257040 nmethod 773 0x000002a99542a490 code [0x000002a99542a620, 0x000002a99542a798]

GC Heap History (0 events):
No events

Deoptimization events (20 events):
Event: 0.808 Thread 0x000002a9b11a5a70 Uncommon trap: trap_request=0xffffff45 fr.pc=0x000002a99c7644c8 relative=0x0000000000000228
Event: 0.809 Thread 0x000002a9b11a5a70 Uncommon trap: reason=unstable_if action=reinterpret pc=0x000002a99c7644c8 method=java.util.StringTokenizer.scanToken(I)I @ 42 c2
Event: 0.809 Thread 0x000002a9b11a5a70 DEOPT PACKING pc=0x000002a99c7644c8 sp=0x000000ed3c8fcb30
Event: 0.809 Thread 0x000002a9b11a5a70 DEOPT UNPACKING pc=0x000002a994bf23a3 sp=0x000000ed3c8fcac0 mode 2
Event: 0.830 Thread 0x000002a9b11a5a70 Uncommon trap: trap_request=0xffffffc6 fr.pc=0x000002a99c76e508 relative=0x0000000000000a08
Event: 0.831 Thread 0x000002a9b11a5a70 Uncommon trap: reason=bimorphic_or_optimized_type_check action=maybe_recompile pc=0x000002a99c76e508 method=java.util.HashMap.putVal(ILjava/lang/Object;Ljava/lang/Object;ZZ)Ljava/lang/Object; @ 152 c2
Event: 0.831 Thread 0x000002a9b11a5a70 DEOPT PACKING pc=0x000002a99c76e508 sp=0x000000ed3c8fbfa0
Event: 0.831 Thread 0x000002a9b11a5a70 DEOPT UNPACKING pc=0x000002a994bf23a3 sp=0x000000ed3c8fbf20 mode 2
Event: 0.832 Thread 0x000002a9b11a5a70 Uncommon trap: trap_request=0xffffffc6 fr.pc=0x000002a99c76e508 relative=0x0000000000000a08
Event: 0.832 Thread 0x000002a9b11a5a70 Uncommon trap: reason=bimorphic_or_optimized_type_check action=maybe_recompile pc=0x000002a99c76e508 method=java.util.HashMap.putVal(ILjava/lang/Object;Ljava/lang/Object;ZZ)Ljava/lang/Object; @ 152 c2
Event: 0.832 Thread 0x000002a9b11a5a70 DEOPT PACKING pc=0x000002a99c76e508 sp=0x000000ed3c8fbfa0
Event: 0.832 Thread 0x000002a9b11a5a70 DEOPT UNPACKING pc=0x000002a994bf23a3 sp=0x000000ed3c8fbf20 mode 2
Event: 0.833 Thread 0x000002a9b11a5a70 Uncommon trap: trap_request=0xffffffc6 fr.pc=0x000002a99c76e508 relative=0x0000000000000a08
Event: 0.833 Thread 0x000002a9b11a5a70 Uncommon trap: reason=bimorphic_or_optimized_type_check action=maybe_recompile pc=0x000002a99c76e508 method=java.util.HashMap.putVal(ILjava/lang/Object;Ljava/lang/Object;ZZ)Ljava/lang/Object; @ 152 c2
Event: 0.834 Thread 0x000002a9b11a5a70 DEOPT PACKING pc=0x000002a99c76e508 sp=0x000000ed3c8fbfa0
Event: 0.834 Thread 0x000002a9b11a5a70 DEOPT UNPACKING pc=0x000002a994bf23a3 sp=0x000000ed3c8fbf20 mode 2
Event: 0.834 Thread 0x000002a9b11a5a70 Uncommon trap: trap_request=0xffffffc6 fr.pc=0x000002a99c76e508 relative=0x0000000000000a08
Event: 0.835 Thread 0x000002a9b11a5a70 Uncommon trap: reason=bimorphic_or_optimized_type_check action=maybe_recompile pc=0x000002a99c76e508 method=java.util.HashMap.putVal(ILjava/lang/Object;Ljava/lang/Object;ZZ)Ljava/lang/Object; @ 152 c2
Event: 0.835 Thread 0x000002a9b11a5a70 DEOPT PACKING pc=0x000002a99c76e508 sp=0x000000ed3c8fbfa0
Event: 0.835 Thread 0x000002a9b11a5a70 DEOPT UNPACKING pc=0x000002a994bf23a3 sp=0x000000ed3c8fbf20 mode 2

Classes unloaded (0 events):
No events

Classes redefined (0 events):
No events

Internal exceptions (10 events):
Event: 0.225 Thread 0x000002a9914efca0 Exception <a 'java/lang/ClassNotFoundException'{0x00000007211a7cf8}: sun/awt/resources/spi/awtProvider> (0x00000007211a7cf8) 
thrown [e:\jenkins\tmp\workspace\build\src\src\hotspot\share\classfile\systemDictionary.cpp, line 256]
Event: 0.283 Thread 0x000002a9914efca0 Exception <a 'java/io/FileNotFoundException'{0x0000000720e420b8}> (0x0000000720e420b8) 
thrown [e:\jenkins\tmp\workspace\build\src\src\hotspot\share\prims\jni.cpp, line 516]
Event: 0.295 Thread 0x000002a9914efca0 Exception <a 'java/io/FileNotFoundException'{0x0000000720e6f098}> (0x0000000720e6f098) 
thrown [e:\jenkins\tmp\workspace\build\src\src\hotspot\share\prims\jni.cpp, line 516]
Event: 0.367 Thread 0x000002a9914efca0 Exception <a 'java/lang/NoSuchMethodError'{0x0000000720f1fcb0}: 'java.lang.Object java.lang.invoke.DirectMethodHandle$Holder.invokeStaticInit(java.lang.Object)'> (0x0000000720f1fcb0) 
thrown [e:\jenkins\tmp\workspace\build\src\src\hotspot\share\interpreter\linkResolver.cpp, line 766]
Event: 0.423 Thread 0x000002a9b11a5a70 Exception <a 'java/lang/NoSuchMethodError'{0x0000000720ffb2e0}: 'void java.lang.invoke.DirectMethodHandle$Holder.invokeSpecial(java.lang.Object, java.lang.Object, java.lang.Object)'> (0x0000000720ffb2e0) 
thrown [e:\jenkins\tmp\workspace\build\src\src\hotspot\share\interpreter\linkResolver.cpp, line 766]
Event: 0.437 Thread 0x000002a9b11a5a70 Exception <a 'java/lang/NoSuchMethodError'{0x0000000720c25ef8}: 'java.lang.Object java.lang.invoke.DirectMethodHandle$Holder.newInvokeSpecial(java.lang.Object, java.lang.Object, java.lang.Object, java.lang.Object, java.lang.Object)'> (0x0000000720c25ef8) 
thrown [e:\jenkins\tmp\workspace\build\src\src\hotspot\share\interpreter\linkResolver.cpp, line 766]
Event: 0.440 Thread 0x000002a9b11a5a70 Exception <a 'java/lang/NoSuchMethodError'{0x0000000720c318c0}: 'java.lang.Object java.lang.invoke.DirectMethodHandle$Holder.invokeStatic(java.lang.Object, int, java.lang.Object, java.lang.Object, java.lang.Object, java.lang.Object)'> (0x0000000720c318c0) 
thrown [e:\jenkins\tmp\workspace\build\src\src\hotspot\share\interpreter\linkResolver.cpp, line 766]
Event: 0.447 Thread 0x000002a9b11a5a70 Exception <a 'java/lang/NoSuchMethodError'{0x0000000720c57080}: 'java.lang.Object java.lang.invoke.DirectMethodHandle$Holder.invokeStatic(java.lang.Object, int, java.lang.Object)'> (0x0000000720c57080) 
thrown [e:\jenkins\tmp\workspace\build\src\src\hotspot\share\interpreter\linkResolver.cpp, line 766]
Event: 0.504 Thread 0x000002a9b11a5a70 Exception <a 'java/lang/ClassNotFoundException'{0x0000000720d11708}: com/sun/swing/internal/plaf/metal/resources/spi/metalProvider> (0x0000000720d11708) 
thrown [e:\jenkins\tmp\workspace\build\src\src\hotspot\share\classfile\systemDictionary.cpp, line 256]
Event: 0.506 Thread 0x000002a9b11a5a70 Exception <a 'java/lang/ClassNotFoundException'{0x0000000720d15610}: com/sun/swing/internal/plaf/basic/resources/spi/basicProvider> (0x0000000720d15610) 
thrown [e:\jenkins\tmp\workspace\build\src\src\hotspot\share\classfile\systemDictionary.cpp, line 256]

VM Operations (6 events):
Event: 0.197 Executing VM operation: HandshakeAllThreads
Event: 0.197 Executing VM operation: HandshakeAllThreads done
Event: 0.509 Executing VM operation: HandshakeAllThreads
Event: 0.509 Executing VM operation: HandshakeAllThreads done
Event: 0.827 Executing VM operation: HandshakeAllThreads
Event: 0.828 Executing VM operation: HandshakeAllThreads done

Events (20 events):
Event: 0.829 loading class java/lang/ProcessEnvironment$EntryComparator done
Event: 0.835 loading class java/lang/ProcessEnvironment$CheckedEntrySet
Event: 0.836 loading class java/lang/ProcessEnvironment$CheckedEntrySet done
Event: 0.836 loading class java/lang/ProcessEnvironment$CheckedEntrySet$1
Event: 0.836 loading class java/lang/ProcessEnvironment$CheckedEntrySet$1 done
Event: 0.837 loading class java/lang/ProcessEnvironment$CheckedEntry
Event: 0.837 loading class java/lang/ProcessEnvironment$CheckedEntry done
Event: 0.838 loading class sun/awt/Win32FontManager$2
Event: 0.839 loading class sun/awt/Win32FontManager$2 done
Event: 0.839 loading class java/awt/GraphicsDevice
Event: 0.840 loading class java/awt/GraphicsDevice done
Event: 0.840 loading class sun/java2d/d3d/D3DGraphicsDevice
Event: 0.840 loading class sun/awt/Win32GraphicsDevice
Event: 0.840 loading class sun/awt/Win32GraphicsDevice done
Event: 0.840 loading class sun/java2d/d3d/D3DGraphicsDevice done
Event: 0.870 loading class sun/java2d/d3d/D3DRenderQueue
Event: 0.870 loading class sun/java2d/pipe/RenderQueue
Event: 0.870 loading class sun/java2d/pipe/RenderQueue done
Event: 0.870 loading class sun/java2d/d3d/D3DRenderQueue done
Event: 0.870 loading class sun/java2d/pipe/RenderBuffer


Dynamic libraries:
0x00007ff762130000 - 0x00007ff76213e000 	C:\Users\ejaay\.p2\pool\plugins\org.eclipse.justj.openjdk.hotspot.jre.full.win32.x86_64_17.0.2.v20220201-1208\jre\bin\javaw.exe
0x00007ffe3c890000 - 0x00007ffe3caa9000 	C:\WINDOWS\SYSTEM32\ntdll.dll
0x00007ffe3a8c0000 - 0x00007ffe3a982000 	C:\WINDOWS\System32\KERNEL32.DLL
0x00007ffe39fe0000 - 0x00007ffe3a37e000 	C:\WINDOWS\System32\KERNELBASE.dll
0x00007ffe39d30000 - 0x00007ffe39e39000 	C:\WINDOWS\System32\ucrtbase.dll
0x00007ffe2e670000 - 0x00007ffe2e688000 	C:\Users\ejaay\.p2\pool\plugins\org.eclipse.justj.openjdk.hotspot.jre.full.win32.x86_64_17.0.2.v20220201-1208\jre\bin\jli.dll
0x00007ffe2ed70000 - 0x00007ffe2ed89000 	C:\Users\ejaay\.p2\pool\plugins\org.eclipse.justj.openjdk.hotspot.jre.full.win32.x86_64_17.0.2.v20220201-1208\jre\bin\VCRUNTIME140.dll
0x00007ffe3c560000 - 0x00007ffe3c70c000 	C:\WINDOWS\System32\USER32.dll
0x00007ffe39e40000 - 0x00007ffe39e66000 	C:\WINDOWS\System32\win32u.dll
0x00007ffe25430000 - 0x00007ffe256be000 	C:\WINDOWS\WinSxS\amd64_microsoft.windows.common-controls_6595b64144ccf1df_6.0.25163.1000_none_769af52d91ab9d72\COMCTL32.dll
0x00007ffe3aec0000 - 0x00007ffe3af67000 	C:\WINDOWS\System32\msvcrt.dll
0x00007ffe3ace0000 - 0x00007ffe3ad09000 	C:\WINDOWS\System32\GDI32.dll
0x00007ffe3a380000 - 0x00007ffe3a492000 	C:\WINDOWS\System32\gdi32full.dll
0x00007ffe3a4a0000 - 0x00007ffe3a53a000 	C:\WINDOWS\System32\msvcp_win.dll
0x00007ffe3bed0000 - 0x00007ffe3bf01000 	C:\WINDOWS\System32\IMM32.DLL
0x00007ffe31740000 - 0x00007ffe3174c000 	C:\Users\ejaay\.p2\pool\plugins\org.eclipse.justj.openjdk.hotspot.jre.full.win32.x86_64_17.0.2.v20220201-1208\jre\bin\vcruntime140_1.dll
0x00007ffe17180000 - 0x00007ffe17211000 	C:\Users\ejaay\.p2\pool\plugins\org.eclipse.justj.openjdk.hotspot.jre.full.win32.x86_64_17.0.2.v20220201-1208\jre\bin\msvcp140.dll
0x00007ffdedbc0000 - 0x00007ffdee807000 	C:\Users\ejaay\.p2\pool\plugins\org.eclipse.justj.openjdk.hotspot.jre.full.win32.x86_64_17.0.2.v20220201-1208\jre\bin\server\jvm.dll
0x00007ffe3a800000 - 0x00007ffe3a8af000 	C:\WINDOWS\System32\ADVAPI32.dll
0x00007ffe3ab90000 - 0x00007ffe3ac36000 	C:\WINDOWS\System32\sechost.dll
0x00007ffe3c720000 - 0x00007ffe3c847000 	C:\WINDOWS\System32\RPCRT4.dll
0x00007ffe3bf10000 - 0x00007ffe3bf18000 	C:\WINDOWS\System32\PSAPI.DLL
0x00007ffe31030000 - 0x00007ffe31064000 	C:\WINDOWS\SYSTEM32\WINMM.dll
0x00007ffe37340000 - 0x00007ffe37349000 	C:\WINDOWS\SYSTEM32\WSOCK32.dll
0x00007ffe31580000 - 0x00007ffe3158a000 	C:\WINDOWS\SYSTEM32\VERSION.dll
0x00007ffe3a630000 - 0x00007ffe3a6a1000 	C:\WINDOWS\System32\WS2_32.dll
0x00007ffe38d50000 - 0x00007ffe38d68000 	C:\WINDOWS\SYSTEM32\kernel.appcore.dll
0x00007ffe37350000 - 0x00007ffe3735a000 	C:\Users\ejaay\.p2\pool\plugins\org.eclipse.justj.openjdk.hotspot.jre.full.win32.x86_64_17.0.2.v20220201-1208\jre\bin\jimage.dll
0x00007ffe36c30000 - 0x00007ffe36e63000 	C:\WINDOWS\SYSTEM32\DBGHELP.DLL
0x00007ffe3b270000 - 0x00007ffe3b5f8000 	C:\WINDOWS\System32\combase.dll
0x00007ffe3af70000 - 0x00007ffe3b047000 	C:\WINDOWS\System32\OLEAUT32.dll
0x00007ffe26aa0000 - 0x00007ffe26ad2000 	C:\WINDOWS\SYSTEM32\dbgcore.DLL
0x00007ffe3a5b0000 - 0x00007ffe3a62b000 	C:\WINDOWS\System32\bcryptPrimitives.dll
0x00007ffe33e30000 - 0x00007ffe33e55000 	C:\Users\ejaay\.p2\pool\plugins\org.eclipse.justj.openjdk.hotspot.jre.full.win32.x86_64_17.0.2.v20220201-1208\jre\bin\java.dll
0x00007ffe36b80000 - 0x00007ffe36b98000 	C:\Users\ejaay\.p2\pool\plugins\org.eclipse.justj.openjdk.hotspot.jre.full.win32.x86_64_17.0.2.v20220201-1208\jre\bin\zip.dll
0x00007ffe3b660000 - 0x00007ffe3be44000 	C:\WINDOWS\System32\SHELL32.dll
0x00007ffe37bf0000 - 0x00007ffe384b1000 	C:\WINDOWS\SYSTEM32\windows.storage.dll
0x00007ffe37ab0000 - 0x00007ffe37bee000 	C:\WINDOWS\SYSTEM32\wintypes.dll
0x00007ffe3a6b0000 - 0x00007ffe3a7a1000 	C:\WINDOWS\System32\SHCORE.dll
0x00007ffe3b050000 - 0x00007ffe3b0ae000 	C:\WINDOWS\System32\shlwapi.dll
0x00007ffe39ba0000 - 0x00007ffe39bc1000 	C:\WINDOWS\SYSTEM32\profapi.dll
0x00007ffe33810000 - 0x00007ffe33829000 	C:\Users\ejaay\.p2\pool\plugins\org.eclipse.justj.openjdk.hotspot.jre.full.win32.x86_64_17.0.2.v20220201-1208\jre\bin\net.dll
0x00007ffe33cf0000 - 0x00007ffe33e1c000 	C:\WINDOWS\SYSTEM32\WINHTTP.dll
0x00007ffe391e0000 - 0x00007ffe39249000 	C:\WINDOWS\system32\mswsock.dll
0x00007ffe337d0000 - 0x00007ffe337e5000 	C:\Users\ejaay\.p2\pool\plugins\org.eclipse.justj.openjdk.hotspot.jre.full.win32.x86_64_17.0.2.v20220201-1208\jre\bin\nio.dll
0x00007ffe11b10000 - 0x00007ffe11c9e000 	C:\Users\ejaay\.p2\pool\plugins\org.eclipse.justj.openjdk.hotspot.jre.full.win32.x86_64_17.0.2.v20220201-1208\jre\bin\awt.dll
0x00007ffe36770000 - 0x00007ffe36806000 	C:\WINDOWS\SYSTEM32\apphelp.dll
0x00007ffe36880000 - 0x00007ffe36929000 	C:\WINDOWS\system32\uxtheme.dll
0x00007ffe3a990000 - 0x00007ffe3aabf000 	C:\WINDOWS\System32\MSCTF.dll
0x00007ffe3b0d0000 - 0x00007ffe3b26c000 	C:\WINDOWS\System32\ole32.dll
0x00007ffe36b00000 - 0x00007ffe36b2b000 	C:\WINDOWS\system32\DWMAPI.DLL
0x00007ffe31220000 - 0x00007ffe31230000 	C:\Users\ejaay\.p2\pool\plugins\org.eclipse.justj.openjdk.hotspot.jre.full.win32.x86_64_17.0.2.v20220201-1208\jre\bin\verify.dll
0x00007ffe17480000 - 0x00007ffe17509000 	C:\Users\ejaay\.p2\pool\plugins\org.eclipse.justj.openjdk.hotspot.jre.full.win32.x86_64_17.0.2.v20220201-1208\jre\bin\freetype.dll
0x00007ffe0fe00000 - 0x00007ffe0fea8000 	C:\Users\ejaay\.p2\pool\plugins\org.eclipse.justj.openjdk.hotspot.jre.full.win32.x86_64_17.0.2.v20220201-1208\jre\bin\fontmanager.dll
0x00007ffdea8a0000 - 0x00007ffdea999000 	C:\WINDOWS\system32\opengl32.dll
0x00007ffdebe10000 - 0x00007ffdebe3d000 	C:\WINDOWS\SYSTEM32\GLU32.dll
0x00007ffe36e70000 - 0x00007ffe36ea6000 	C:\WINDOWS\SYSTEM32\dxcore.dll
0x00007ffdfa730000 - 0x00007ffdfa8d9000 	C:\WINDOWS\system32\d3d9.dll
0x00007ffe2eed0000 - 0x00007ffe2f08a000 	C:\Windows\System32\DriverStore\FileRepository\u0380677.inf_amd64_dba19d925381d5ad\B380472\aticfx64.dll
0x00007ffe15790000 - 0x00007ffe157c4000 	C:\Windows\System32\DriverStore\FileRepository\u0380677.inf_amd64_dba19d925381d5ad\B380472\atiu9p64.dll
0x00007ffdf95f0000 - 0x00007ffdfa346000 	C:\Windows\System32\DriverStore\FileRepository\u0380677.inf_amd64_dba19d925381d5ad\B380472\atiumd64.dll
0x00007ffe2eb20000 - 0x00007ffe2eb55000 	C:\WINDOWS\SYSTEM32\amdihk64.dll
0x00007ffe338c0000 - 0x00007ffe33908000 	C:\WINDOWS\SYSTEM32\directxdatabasehelper.dll

dbghelp: loaded successfully - version: 4.0.5 - missing functions: none
symbol engine: initialized successfully - sym options: 0x614 - pdb path: .;C:\Users\ejaay\.p2\pool\plugins\org.eclipse.justj.openjdk.hotspot.jre.full.win32.x86_64_17.0.2.v20220201-1208\jre\bin;C:\WINDOWS\SYSTEM32;C:\WINDOWS\WinSxS\amd64_microsoft.windows.common-controls_6595b64144ccf1df_6.0.25163.1000_none_769af52d91ab9d72;C:\Users\ejaay\.p2\pool\plugins\org.eclipse.justj.openjdk.hotspot.jre.full.win32.x86_64_17.0.2.v20220201-1208\jre\bin\server;C:\Windows\System32\DriverStore\FileRepository\u0380677.inf_amd64_dba19d925381d5ad\B380472

VM Arguments:
jvm_args: -Dfile.encoding=UTF-8 -XX:+ShowCodeDetailsInExceptionMessages 
java_command: Main
java_class_path (initial): C:\Users\ejaay\eclipse-workspace\AccountingSystem\bin;C:\Users\ejaay\eclipse-workspace\AccountingSystem\jcalendar-1.4.jar;C:\Users\ejaay\eclipse-workspace\AccountingSystem\jgoodies-common-1.2.0.jar
Launcher Type: SUN_STANDARD

[Global flags]
     intx CICompilerCount                          = 12                                        {product} {ergonomic}
     uint ConcGCThreads                            = 3                                         {product} {ergonomic}
     uint G1ConcRefinementThreads                  = 13                                        {product} {ergonomic}
   size_t G1HeapRegionSize                         = 2097152                                   {product} {ergonomic}
    uintx GCDrainStackTargetSize                   = 64                                        {product} {ergonomic}
   size_t InitialHeapSize                          = 249561088                                 {product} {ergonomic}
   size_t MarkStackSize                            = 4194304                                   {product} {ergonomic}
   size_t MaxHeapSize                              = 3988783104                                {product} {ergonomic}
   size_t MaxNewSize                               = 2392850432                                {product} {ergonomic}
   size_t MinHeapDeltaBytes                        = 2097152                                   {product} {ergonomic}
   size_t MinHeapSize                              = 8388608                                   {product} {ergonomic}
    uintx NonNMethodCodeHeapSize                   = 7602480                                {pd product} {ergonomic}
    uintx NonProfiledCodeHeapSize                  = 122027880                              {pd product} {ergonomic}
    uintx ProfiledCodeHeapSize                     = 122027880                              {pd product} {ergonomic}
    uintx ReservedCodeCacheSize                    = 251658240                              {pd product} {ergonomic}
     bool SegmentedCodeCache                       = true                                      {product} {ergonomic}
     bool ShowCodeDetailsInExceptionMessages       = true                                   {manageable} {command line}
   size_t SoftMaxHeapSize                          = 3988783104                             {manageable} {ergonomic}
     bool UseCompressedClassPointers               = true                           {product lp64_product} {ergonomic}
     bool UseCompressedOops                        = true                           {product lp64_product} {ergonomic}
     bool UseG1GC                                  = true                                      {product} {ergonomic}
     bool UseLargePagesIndividualAllocation        = false                                  {pd product} {ergonomic}

Logging:
Log output configuration:
 #0: stdout all=warning uptime,level,tags
 #1: stderr all=off uptime,level,tags

Environment Variables:
JAVA_HOME=C:\Program Files\Java\jdk-18\bin
PATH=C:/Users/ejaay/.p2/pool/plugins/org.eclipse.justj.openjdk.hotspot.jre.full.win32.x86_64_17.0.2.v20220201-1208/jre/bin/server;C:/Users/ejaay/.p2/pool/plugins/org.eclipse.justj.openjdk.hotspot.jre.full.win32.x86_64_17.0.2.v20220201-1208/jre/bin;C:\Program Files\Common Files\Oracle\Java\javapath;C:\WINDOWS\system32;C:\WINDOWS;C:\WINDOWS\System32\Wbem;C:\WINDOWS\System32\WindowsPowerShell\v1.0\;C:\WINDOWS\System32\OpenSSH\;C:\Program Files\Java\jdk-18\bin;C:\Users\ejaay\AppData\Local\Programs\Python\Python310\Scripts\;C:\Users\ejaay\AppData\Local\Programs\Python\Python310\;C:\Program Files\Java\jdk-18\bin;C:\Program Files\JetBrains\IntelliJ IDEA Community Edition 2022.1\bin;;C:\Users\ejaay\AppData\Local\Microsoft\WindowsApps;C:\Users\ejaay\AppData\Local\GitHubDesktop\bin;;C:\WINDOWS\system32;
USERNAME=ejaay
OS=Windows_NT
PROCESSOR_IDENTIFIER=AMD64 Family 25 Model 80 Stepping 0, AuthenticAMD



---------------  S Y S T E M  ---------------

OS:
 Windows 11 , 64 bit Build 25163 (10.0.25163.1000)
OS uptime: 2 days 3:10 hours
Hyper-V role detected

CPU: total 16 (initial active 16) (16 cores per cpu, 2 threads per core) family 25 model 80 stepping 0 microcode 0xa50000c, cx8, cmov, fxsr, ht, mmx, 3dnowpref, sse, sse2, sse3, ssse3, sse4a, sse4.1, sse4.2, popcnt, lzcnt, tsc, tscinvbit, avx, avx2, aes, erms, clmul, bmi1, bmi2, adx, sha, fma, vzeroupper, clflush, clflushopt, hv

Memory: 4k page, system-wide physical 15212M (3932M free)
TotalPageFile size 62316M (AvailPageFile size 2M)
current process WorkingSet (physical memory assigned to process): 72M, peak: 72M
current process commit charge ("private bytes"): 352M, peak: 359M

vm_info: OpenJDK 64-Bit Server VM (17.0.2+8) for windows-amd64 JRE (17.0.2+8), built on Jan 20 2022 04:52:34 by "" with MS VC++ 16.7 (VS2019)

END.
